<?xml version="1.0" encoding="UTF-8" ?>
<testsuite tests="9" failures="0" name="com.space.controller.GetCountTest" time="0.185" errors="0" skipped="0">
  <properties>
[...]
</properties>
  <testcase classname="com.space.controller.GetCountTest" name="getCountWithFiltersPlanet" time="0.025"/>
  <testcase classname="com.space.controller.GetCountTest" name="getCountWithFiltersShipTypeMaxCrewSize" time="0.047"/>
  <testcase classname="com.space.controller.GetCountTest" name="getAllShips" time="0.018"/>
  <testcase classname="com.space.controller.GetCountTest" name="getCountWithFiltersNameAfterMaxRating" time="0.016"/>
  <testcase classname="com.space.controller.GetCountTest" name="getCountWithFiltersMinRatingMinCrewSizeMinSpeed" time="0.021"/>
  <testcase classname="com.space.controller.GetCountTest" name="getCountWithFiltersShipTypeBeforeMaxSpeed" time="0.013"/>
  <testcase classname="com.space.controller.GetCountTest" name="getCountWithFiltersIsUsedMinMaxSpeed" time="0.012"/>
  <testcase classname="com.space.controller.GetCountTest" name="getCountWithFiltersShipTypeIsUsed" time="0.015"/>
  <testcase classname="com.space.controller.GetCountTest" name="getCountWithoutFiltersReturnAllShips" time="0.018"/>
</testsuite>